# JRE version: Java(TM) SE Runtime Environment (8.0_271-b09) (build 1.8.0_271-b09)
# Java VM: Java HotSpot(TM) 64-Bit Server VM (25.271-b09 mixed mode windows-amd64 compressed oops)
Heap:
 PSYoungGen      total 386560K, used 214681K [0x0000000780000000, 0x000000079d580000, 0x00000007c0000000)
  eden space 352256K, 53% used [0x0000000780000000,0x000000078b921910,0x0000000795800000)
  from space 34304K, 73% used [0x0000000795800000,0x0000000797084c58,0x0000000797980000)
  to   space 35840K, 0% used [0x000000079b280000,0x000000079b280000,0x000000079d580000)
 ParOldGen       total 229376K, used 40735K [0x0000000700000000, 0x000000070e000000, 0x0000000780000000)
  object space 229376K, 17% used [0x0000000700000000,0x00000007027c7f08,0x000000070e000000)
 Metaspace       used 79395K, capacity 85498K, committed 85632K, reserved 1122304K
  class space    used 11039K, capacity 12034K, committed 12160K, reserved 1048576K
GC Heap History (10 events):
Event: 191.208 GC heap before
{Heap before GC invocations=20 (full 3):
 PSYoungGen      total 307200K, used 306816K [0x0000000780000000, 0x0000000794780000, 0x00000007c0000000)
  eden space 287744K, 100% used [0x0000000780000000,0x0000000791900000,0x0000000791900000)
  from space 19456K, 98% used [0x0000000793480000,0x00000007947202a8,0x0000000794780000)
  to   space 22528K, 0% used [0x0000000791b80000,0x0000000791b80000,0x0000000793180000)
 ParOldGen       total 229376K, used 32077K [0x0000000700000000, 0x000000070e000000, 0x0000000780000000)
  object space 229376K, 13% used [0x0000000700000000,0x0000000701f53628,0x000000070e000000)
 Metaspace       used 77243K, capacity 82636K, committed 82816K, reserved 1120256K
  class space    used 10691K, capacity 11577K, committed 11648K, reserved 1048576K
Event: 191.270 GC heap after
Heap after GC invocations=20 (full 3):
 PSYoungGen      total 312832K, used 22516K [0x0000000780000000, 0x0000000796d80000, 0x00000007c0000000)
  eden space 290304K, 0% used [0x0000000780000000,0x0000000780000000,0x0000000791b80000)
  from space 22528K, 99% used [0x0000000791b80000,0x000000079317d080,0x0000000793180000)
  to   space 28160K, 0% used [0x0000000795200000,0x0000000795200000,0x0000000796d80000)
 ParOldGen       total 229376K, used 40711K [0x0000000700000000, 0x000000070e000000, 0x0000000780000000)
  object space 229376K, 17% used [0x0000000700000000,0x00000007027c1f08,0x000000070e000000)
 Metaspace       used 77243K, capacity 82636K, committed 82816K, reserved 1120256K
  class space    used 10691K, capacity 11577K, committed 11648K, reserved 1048576K
}
Event: 196.677 GC heap before
{Heap before GC invocations=21 (full 3):
 PSYoungGen      total 312832K, used 312820K [0x0000000780000000, 0x0000000796d80000, 0x00000007c0000000)
  eden space 290304K, 100% used [0x0000000780000000,0x0000000791b80000,0x0000000791b80000)
  from space 22528K, 99% used [0x0000000791b80000,0x000000079317d080,0x0000000793180000)
  to   space 28160K, 0% used [0x0000000795200000,0x0000000795200000,0x0000000796d80000)
 ParOldGen       total 229376K, used 40711K [0x0000000700000000, 0x000000070e000000, 0x0000000780000000)
  object space 229376K, 17% used [0x0000000700000000,0x00000007027c1f08,0x000000070e000000)
 Metaspace       used 78137K, capacity 83740K, committed 83968K, reserved 1122304K
  class space    used 10811K, capacity 11729K, committed 11776K, reserved 1048576K
Event: 196.711 GC heap after
Heap after GC invocations=21 (full 3):
 PSYoungGen      total 343552K, used 24460K [0x0000000780000000, 0x0000000797500000, 0x00000007c0000000)
  eden space 315392K, 0% used [0x0000000780000000,0x0000000780000000,0x0000000793400000)
  from space 28160K, 86% used [0x0000000795200000,0x00000007969e32e0,0x0000000796d80000)
  to   space 30720K, 0% used [0x0000000793400000,0x0000000793400000,0x0000000795200000)
 ParOldGen       total 229376K, used 40719K [0x0000000700000000, 0x000000070e000000, 0x0000000780000000)
  object space 229376K, 17% used [0x0000000700000000,0x00000007027c3f08,0x000000070e000000)
 Metaspace       used 78137K, capacity 83740K, committed 83968K, reserved 1122304K
  class space    used 10811K, capacity 11729K, committed 11776K, reserved 1048576K
}
Event: 198.821 GC heap before
{Heap before GC invocations=22 (full 3):
 PSYoungGen      total 343552K, used 339852K [0x0000000780000000, 0x0000000797500000, 0x00000007c0000000)
  eden space 315392K, 100% used [0x0000000780000000,0x0000000793400000,0x0000000793400000)
  from space 28160K, 86% used [0x0000000795200000,0x00000007969e32e0,0x0000000796d80000)
  to   space 30720K, 0% used [0x0000000793400000,0x0000000793400000,0x0000000795200000)
 ParOldGen       total 229376K, used 40719K [0x0000000700000000, 0x000000070e000000, 0x0000000780000000)
  object space 229376K, 17% used [0x0000000700000000,0x00000007027c3f08,0x000000070e000000)
 Metaspace       used 78150K, capacity 83740K, committed 83968K, reserved 1122304K
  class space    used 10811K, capacity 11729K, committed 11776K, reserved 1048576K
Event: 198.848 GC heap after
Heap after GC invocations=22 (full 3):
 PSYoungGen      total 346112K, used 24054K [0x0000000780000000, 0x0000000799980000, 0x00000007c0000000)
  eden space 315392K, 0% used [0x0000000780000000,0x0000000780000000,0x0000000793400000)
  from space 30720K, 78% used [0x0000000793400000,0x0000000794b7dab0,0x0000000795200000)
  to   space 32768K, 0% used [0x0000000797980000,0x0000000797980000,0x0000000799980000)
 ParOldGen       total 229376K, used 40727K [0x0000000700000000, 0x000000070e000000, 0x0000000780000000)
  object space 229376K, 17% used [0x0000000700000000,0x00000007027c5f08,0x000000070e000000)
 Metaspace       used 78150K, capacity 83740K, committed 83968K, reserved 1122304K
  class space    used 10811K, capacity 11729K, committed 11776K, reserved 1048576K
}
Event: 199.885 GC heap before
{Heap before GC invocations=23 (full 3):
 PSYoungGen      total 346112K, used 339446K [0x0000000780000000, 0x0000000799980000, 0x00000007c0000000)
  eden space 315392K, 100% used [0x0000000780000000,0x0000000793400000,0x0000000793400000)
  from space 30720K, 78% used [0x0000000793400000,0x0000000794b7dab0,0x0000000795200000)
  to   space 32768K, 0% used [0x0000000797980000,0x0000000797980000,0x0000000799980000)
 ParOldGen       total 229376K, used 40727K [0x0000000700000000, 0x000000070e000000, 0x0000000780000000)
  object space 229376K, 17% used [0x0000000700000000,0x00000007027c5f08,0x000000070e000000)
 Metaspace       used 78156K, capacity 83804K, committed 83968K, reserved 1122304K
  class space    used 10811K, capacity 11729K, committed 11776K, reserved 1048576K
Event: 199.902 GC heap after
Heap after GC invocations=23 (full 3):
 PSYoungGen      total 385024K, used 24397K [0x0000000780000000, 0x000000079a380000, 0x00000007c0000000)
  eden space 352256K, 0% used [0x0000000780000000,0x0000000780000000,0x0000000795800000)
  from space 32768K, 74% used [0x0000000797980000,0x0000000799153420,0x0000000799980000)
  to   space 34304K, 0% used [0x0000000795800000,0x0000000795800000,0x0000000797980000)
 ParOldGen       total 229376K, used 40727K [0x0000000700000000, 0x000000070e000000, 0x0000000780000000)
  object space 229376K, 17% used [0x0000000700000000,0x00000007027c5f08,0x000000070e000000)
 Metaspace       used 78156K, capacity 83804K, committed 83968K, reserved 1122304K
  class space    used 10811K, capacity 11729K, committed 11776K, reserved 1048576K
}
Event: 200.606 GC heap before
{Heap before GC invocations=24 (full 3):
 PSYoungGen      total 385024K, used 376653K [0x0000000780000000, 0x000000079a380000, 0x00000007c0000000)
  eden space 352256K, 100% used [0x0000000780000000,0x0000000795800000,0x0000000795800000)
  from space 32768K, 74% used [0x0000000797980000,0x0000000799153420,0x0000000799980000)
  to   space 34304K, 0% used [0x0000000795800000,0x0000000795800000,0x0000000797980000)
 ParOldGen       total 229376K, used 40727K [0x0000000700000000, 0x000000070e000000, 0x0000000780000000)
  object space 229376K, 17% used [0x0000000700000000,0x00000007027c5f08,0x000000070e000000)
 Metaspace       used 78156K, capacity 83804K, committed 83968K, reserved 1122304K
  class space    used 10811K, capacity 11729K, committed 11776K, reserved 1048576K
Event: 200.619 GC heap after
Heap after GC invocations=24 (full 3):
 PSYoungGen      total 386560K, used 25107K [0x0000000780000000, 0x000000079d580000, 0x00000007c0000000)
  eden space 352256K, 0% used [0x0000000780000000,0x0000000780000000,0x0000000795800000)
  from space 34304K, 73% used [0x0000000795800000,0x0000000797084c58,0x0000000797980000)
  to   space 35840K, 0% used [0x000000079b280000,0x000000079b280000,0x000000079d580000)
 ParOldGen       total 229376K, used 40735K [0x0000000700000000, 0x000000070e000000, 0x0000000780000000)
  object space 229376K, 17% used [0x0000000700000000,0x00000007027c7f08,0x000000070e000000)
 Metaspace       used 78156K, capacity 83804K, committed 83968K, reserved 1122304K
  class space    used 10811K, capacity 11729K, committed 11776K, reserved 1048576K
}

