# JRE version: Java(TM) SE Runtime Environment (8.0_271-b09) (build 1.8.0_271-b09)
# Java VM: Java HotSpot(TM) 64-Bit Server VM (25.271-b09 mixed mode windows-amd64 compressed oops)
Heap:
 PSYoungGen      total 116736K, used 45200K [0x0000000780000000, 0x000000078c500000, 0x00000007c0000000)
  eden space 103936K, 43% used [0x0000000780000000,0x0000000782c242f8,0x0000000786580000)
  from space 12800K, 0% used [0x0000000786580000,0x0000000786580000,0x0000000787200000)
  to   space 12800K, 0% used [0x000000078b880000,0x000000078b880000,0x000000078c500000)
 ParOldGen       total 100352K, used 14118K [0x0000000700000000, 0x0000000706200000, 0x0000000780000000)
  object space 100352K, 14% used [0x0000000700000000,0x0000000700dc99a8,0x0000000706200000)
 Metaspace       used 35850K, capacity 37518K, committed 37888K, reserved 1081344K
  class space    used 5146K, capacity 5510K, committed 5632K, reserved 1048576K
GC Heap History (10 events):
Event: 4.291 GC heap before
{Heap before GC invocations=5 (full 1):
 PSYoungGen      total 76288K, used 9921K [0x0000000780000000, 0x0000000789500000, 0x00000007c0000000)
  eden space 65536K, 0% used [0x0000000780000000,0x0000000780000000,0x0000000784000000)
  from space 10752K, 92% used [0x0000000784a80000,0x00000007854304a8,0x0000000785500000)
  to   space 10752K, 0% used [0x0000000784000000,0x0000000784000000,0x0000000784a80000)
 ParOldGen       total 175104K, used 84K [0x0000000700000000, 0x000000070ab00000, 0x0000000780000000)
  object space 175104K, 0% used [0x0000000700000000,0x00000007000151b8,0x000000070ab00000)
 Metaspace       used 20541K, capacity 21254K, committed 21296K, reserved 1067008K
  class space    used 2974K, capacity 3163K, committed 3200K, reserved 1048576K
Event: 4.324 GC heap after
Heap after GC invocations=5 (full 1):
 PSYoungGen      total 76288K, used 0K [0x0000000780000000, 0x0000000789500000, 0x00000007c0000000)
  eden space 65536K, 0% used [0x0000000780000000,0x0000000780000000,0x0000000784000000)
  from space 10752K, 0% used [0x0000000784a80000,0x0000000784a80000,0x0000000785500000)
  to   space 10752K, 0% used [0x0000000784000000,0x0000000784000000,0x0000000784a80000)
 ParOldGen       total 100352K, used 9638K [0x0000000700000000, 0x0000000706200000, 0x0000000780000000)
  object space 100352K, 9% used [0x0000000700000000,0x0000000700969a50,0x0000000706200000)
 Metaspace       used 20541K, capacity 21254K, committed 21296K, reserved 1067008K
  class space    used 2974K, capacity 3163K, committed 3200K, reserved 1048576K
}
Event: 4.972 GC heap before
{Heap before GC invocations=6 (full 1):
 PSYoungGen      total 76288K, used 65536K [0x0000000780000000, 0x0000000789500000, 0x00000007c0000000)
  eden space 65536K, 100% used [0x0000000780000000,0x0000000784000000,0x0000000784000000)
  from space 10752K, 0% used [0x0000000784a80000,0x0000000784a80000,0x0000000785500000)
  to   space 10752K, 0% used [0x0000000784000000,0x0000000784000000,0x0000000784a80000)
 ParOldGen       total 100352K, used 9638K [0x0000000700000000, 0x0000000706200000, 0x0000000780000000)
  object space 100352K, 9% used [0x0000000700000000,0x0000000700969a50,0x0000000706200000)
 Metaspace       used 24371K, capacity 25714K, committed 25984K, reserved 1071104K
  class space    used 3629K, capacity 3927K, committed 3968K, reserved 1048576K
Event: 4.975 GC heap after
Heap after GC invocations=6 (full 1):
 PSYoungGen      total 76288K, used 4876K [0x0000000780000000, 0x0000000787e80000, 0x00000007c0000000)
  eden space 65536K, 0% used [0x0000000780000000,0x0000000780000000,0x0000000784000000)
  from space 10752K, 45% used [0x0000000784000000,0x00000007844c3370,0x0000000784a80000)
  to   space 12800K, 0% used [0x0000000787200000,0x0000000787200000,0x0000000787e80000)
 ParOldGen       total 100352K, used 9646K [0x0000000700000000, 0x0000000706200000, 0x0000000780000000)
  object space 100352K, 9% used [0x0000000700000000,0x000000070096ba50,0x0000000706200000)
 Metaspace       used 24371K, capacity 25714K, committed 25984K, reserved 1071104K
  class space    used 3629K, capacity 3927K, committed 3968K, reserved 1048576K
}
Event: 5.758 GC heap before
{Heap before GC invocations=7 (full 1):
 PSYoungGen      total 76288K, used 70412K [0x0000000780000000, 0x0000000787e80000, 0x00000007c0000000)
  eden space 65536K, 100% used [0x0000000780000000,0x0000000784000000,0x0000000784000000)
  from space 10752K, 45% used [0x0000000784000000,0x00000007844c3370,0x0000000784a80000)
  to   space 12800K, 0% used [0x0000000787200000,0x0000000787200000,0x0000000787e80000)
 ParOldGen       total 100352K, used 9646K [0x0000000700000000, 0x0000000706200000, 0x0000000780000000)
  object space 100352K, 9% used [0x0000000700000000,0x000000070096ba50,0x0000000706200000)
 Metaspace       used 31971K, capacity 33480K, committed 33664K, reserved 1077248K
  class space    used 4671K, capacity 4988K, committed 4992K, reserved 1048576K
Event: 5.766 GC heap after
Heap after GC invocations=7 (full 1):
 PSYoungGen      total 116736K, used 9555K [0x0000000780000000, 0x0000000787e80000, 0x00000007c0000000)
  eden space 103936K, 0% used [0x0000000780000000,0x0000000780000000,0x0000000786580000)
  from space 12800K, 74% used [0x0000000787200000,0x0000000787b54f38,0x0000000787e80000)
  to   space 12800K, 0% used [0x0000000786580000,0x0000000786580000,0x0000000787200000)
 ParOldGen       total 100352K, used 9654K [0x0000000700000000, 0x0000000706200000, 0x0000000780000000)
  object space 100352K, 9% used [0x0000000700000000,0x000000070096da50,0x0000000706200000)
 Metaspace       used 31971K, capacity 33480K, committed 33664K, reserved 1077248K
  class space    used 4671K, capacity 4988K, committed 4992K, reserved 1048576K
}
Event: 5.974 GC heap before
{Heap before GC invocations=8 (full 1):
 PSYoungGen      total 116736K, used 33790K [0x0000000780000000, 0x0000000787e80000, 0x00000007c0000000)
  eden space 103936K, 23% used [0x0000000780000000,0x00000007817aaa08,0x0000000786580000)
  from space 12800K, 74% used [0x0000000787200000,0x0000000787b54f38,0x0000000787e80000)
  to   space 12800K, 0% used [0x0000000786580000,0x0000000786580000,0x0000000787200000)
 ParOldGen       total 100352K, used 9654K [0x0000000700000000, 0x0000000706200000, 0x0000000780000000)
  object space 100352K, 9% used [0x0000000700000000,0x000000070096da50,0x0000000706200000)
 Metaspace       used 33759K, capacity 35318K, committed 35456K, reserved 1079296K
  class space    used 4842K, capacity 5166K, committed 5248K, reserved 1048576K
Event: 5.982 GC heap after
Heap after GC invocations=8 (full 1):
 PSYoungGen      total 116736K, used 6668K [0x0000000780000000, 0x000000078c500000, 0x00000007c0000000)
  eden space 103936K, 0% used [0x0000000780000000,0x0000000780000000,0x0000000786580000)
  from space 12800K, 52% used [0x0000000786580000,0x0000000786c03270,0x0000000787200000)
  to   space 12800K, 0% used [0x000000078b880000,0x000000078b880000,0x000000078c500000)
 ParOldGen       total 100352K, used 9662K [0x0000000700000000, 0x0000000706200000, 0x0000000780000000)
  object space 100352K, 9% used [0x0000000700000000,0x000000070096fa50,0x0000000706200000)
 Metaspace       used 33759K, capacity 35318K, committed 35456K, reserved 1079296K
  class space    used 4842K, capacity 5166K, committed 5248K, reserved 1048576K
}
Event: 5.982 GC heap before
{Heap before GC invocations=9 (full 2):
 PSYoungGen      total 116736K, used 6668K [0x0000000780000000, 0x000000078c500000, 0x00000007c0000000)
  eden space 103936K, 0% used [0x0000000780000000,0x0000000780000000,0x0000000786580000)
  from space 12800K, 52% used [0x0000000786580000,0x0000000786c03270,0x0000000787200000)
  to   space 12800K, 0% used [0x000000078b880000,0x000000078b880000,0x000000078c500000)
 ParOldGen       total 100352K, used 9662K [0x0000000700000000, 0x0000000706200000, 0x0000000780000000)
  object space 100352K, 9% used [0x0000000700000000,0x000000070096fa50,0x0000000706200000)
 Metaspace       used 33759K, capacity 35318K, committed 35456K, reserved 1079296K
  class space    used 4842K, capacity 5166K, committed 5248K, reserved 1048576K
Event: 6.029 GC heap after
Heap after GC invocations=9 (full 2):
 PSYoungGen      total 116736K, used 0K [0x0000000780000000, 0x000000078c500000, 0x00000007c0000000)
  eden space 103936K, 0% used [0x0000000780000000,0x0000000780000000,0x0000000786580000)
  from space 12800K, 0% used [0x0000000786580000,0x0000000786580000,0x0000000787200000)
  to   space 12800K, 0% used [0x000000078b880000,0x000000078b880000,0x000000078c500000)
 ParOldGen       total 100352K, used 14118K [0x0000000700000000, 0x0000000706200000, 0x0000000780000000)
  object space 100352K, 14% used [0x0000000700000000,0x0000000700dc99a8,0x0000000706200000)
 Metaspace       used 33733K, capacity 35234K, committed 35456K, reserved 1079296K
  class space    used 4834K, capacity 5152K, committed 5248K, reserved 1048576K
}

